<?xml version="1.0" encoding="UTF-8"?>
<testsuite name="reglas.ReglaPlacaTest" tests="2" skipped="0" failures="0" errors="0" timestamp="2017-10-03T16:46:19" hostname="JUAN-RAMIREZ" time="0.017">
  <properties/>
  <testcase name="PlacaEsAYLunes" classname="reglas.ReglaPlacaTest" time="0.016"/>
  <testcase name="PlacaNoEsA" classname="reglas.ReglaPlacaTest" time="0.0"/>
  <system-out><![CDATA[]]></system-out>
  <system-err><![CDATA[]]></system-err>
</testsuite>
