<?xml version="1.0" encoding="UTF-8"?>
<testsuite name="dominioTest.CrearVehiculos" tests="2" skipped="0" failures="0" errors="0" timestamp="2017-10-03T16:46:19" hostname="JUAN-RAMIREZ" time="0.001">
  <properties/>
  <testcase name="recibirUnCarro" classname="dominioTest.CrearVehiculos" time="0.0"/>
  <testcase name="recibirUnaMoto" classname="dominioTest.CrearVehiculos" time="0.001"/>
  <system-out><![CDATA[]]></system-out>
  <system-err><![CDATA[]]></system-err>
</testsuite>
