<?xml version="1.0" encoding="UTF-8"?>
<testsuite name="dominioTest.VigilanteTest" tests="1" skipped="0" failures="0" errors="0" timestamp="2017-10-03T16:46:19" hostname="JUAN-RAMIREZ" time="0.0">
  <properties/>
  <testcase name="ingresarTest" classname="dominioTest.VigilanteTest" time="0.0"/>
  <system-out><![CDATA[]]></system-out>
  <system-err><![CDATA[]]></system-err>
</testsuite>
