<?xml version="1.0" encoding="UTF-8"?>
<testsuite name="dominioTest.CrearFactura" tests="2" skipped="0" failures="0" errors="0" timestamp="2017-10-03T16:46:19" hostname="JUAN-RAMIREZ" time="0.114">
  <properties/>
  <testcase name="crearFacturaSalida" classname="dominioTest.CrearFactura" time="0.113"/>
  <testcase name="crearFacturaIngreso" classname="dominioTest.CrearFactura" time="0.001"/>
  <system-out><![CDATA[]]></system-out>
  <system-err><![CDATA[]]></system-err>
</testsuite>
